{"L":"info","T":"2025/11/26 17:31:40.320615+0800","C":"consul/provider.go:34","M":"consul provider: created successfully","address":"127.0.0.1:8500"}
{"L":"info","T":"2025/11/26 17:31:40.320615+0800","C":"consul/serviceWatcher.go:65","M":"consul serviceWatcher start"}
{"L":"info","T":"2025/11/26 17:31:40.335536+0800","C":"consul/registrar.go:63","M":"consul registrar: node registered successfully","nodeId":1001,"name":"test-service"}
{"L":"info","T":"2025/11/26 17:31:40.335536+0800","C":"consul/serviceWatcher.go:110","M":"consul serviceWatcher: created watcher for new service","service":"test-service"}
{"L":"info","T":"2025/11/26 17:31:40.337418+0800","C":"consul/watcher.go:94","M":"consul watcher: service topology changed","service":"test-service","joined":1,"alive":0,"left":0,"total":1}
{"L":"info","T":"2025/11/26 17:31:42.341456+0800","C":"consul/watcher.go:94","M":"consul watcher: service topology changed","service":"test-service","joined":0,"alive":0,"left":1,"total":0}
{"L":"info","T":"2025/11/26 17:31:50.763771+0800","C":"consul/registrar.go:90","M":"consul registrar: node removed successfully","nodeId":1001}
{"L":"info","T":"2025/11/26 17:31:50.763771+0800","C":"consul/serviceWatcher.go:62","M":"consul serviceWatcher close"}
{"L":"info","T":"2025/11/26 17:31:51.773922+0800","C":"consul/provider.go:147","M":"consul provider: closed"}
{"L":"info","T":"2025/11/26 17:32:20.580186+0800","C":"consul/serviceWatcher.go:65","M":"consul serviceWatcher start"}
{"L":"info","T":"2025/11/26 17:32:20.580186+0800","C":"consul/provider.go:34","M":"consul provider: created successfully","address":"127.0.0.1:8500"}
{"L":"info","T":"2025/11/26 17:32:20.596061+0800","C":"consul/serviceWatcher.go:110","M":"consul serviceWatcher: created watcher for new service","service":"test-service-multi"}
{"L":"info","T":"2025/11/26 17:32:20.596061+0800","C":"consul/registrar.go:63","M":"consul registrar: node registered successfully","nodeId":2001,"name":"test-service-multi"}
{"L":"info","T":"2025/11/26 17:32:20.599053+0800","C":"consul/watcher.go:94","M":"consul watcher: service topology changed","service":"test-service-multi","joined":1,"alive":0,"left":0,"total":1}
{"L":"info","T":"2025/11/26 17:32:20.607552+0800","C":"consul/registrar.go:63","M":"consul registrar: node registered successfully","nodeId":2002,"name":"test-service-multi"}
{"L":"info","T":"2025/11/26 17:32:20.612042+0800","C":"consul/watcher.go:94","M":"consul watcher: service topology changed","service":"test-service-multi","joined":1,"alive":1,"left":0,"total":2}
{"L":"info","T":"2025/11/26 17:32:22.612199+0800","C":"consul/registrar.go:90","M":"consul registrar: node removed successfully","nodeId":2001}
{"L":"info","T":"2025/11/26 17:32:22.612199+0800","C":"consul/watcher.go:94","M":"consul watcher: service topology changed","service":"test-service-multi","joined":0,"alive":1,"left":1,"total":1}
{"L":"info","T":"2025/11/26 17:32:22.613266+0800","C":"consul/watcher.go:94","M":"consul watcher: service topology changed","service":"test-service-multi","joined":0,"alive":0,"left":1,"total":0}
{"L":"info","T":"2025/11/26 17:32:22.614295+0800","C":"consul/registrar.go:90","M":"consul registrar: node removed successfully","nodeId":2002}
{"L":"info","T":"2025/11/26 17:32:23.662730+0800","C":"consul/serviceWatcher.go:62","M":"consul serviceWatcher close"}
{"L":"info","T":"2025/11/26 17:32:23.662730+0800","C":"consul/provider.go:147","M":"consul provider: closed"}
{"L":"info","T":"2025/11/26 17:32:43.529404+0800","C":"consul/provider.go:34","M":"consul provider: created successfully","address":"127.0.0.1:8500"}
{"L":"info","T":"2025/11/26 17:32:43.529404+0800","C":"consul/serviceWatcher.go:65","M":"consul serviceWatcher start"}
{"L":"info","T":"2025/11/26 17:32:43.538710+0800","C":"consul/serviceWatcher.go:62","M":"consul serviceWatcher close"}
{"L":"info","T":"2025/11/26 17:32:43.538710+0800","C":"consul/provider.go:147","M":"consul provider: closed"}
{"L":"info","T":"2025/11/26 17:32:54.264144+0800","C":"consul/provider.go:34","M":"consul provider: created successfully","address":"127.0.0.1:8500"}
{"L":"info","T":"2025/11/26 17:33:35.527722+0800","C":"consul/provider.go:34","M":"consul provider: created successfully","address":"127.0.0.1:8500"}
{"L":"info","T":"2025/11/26 17:33:35.527722+0800","C":"consul/serviceWatcher.go:65","M":"consul serviceWatcher start"}
{"L":"info","T":"2025/11/26 17:33:36.554385+0800","C":"consul/serviceWatcher.go:62","M":"consul serviceWatcher close"}
{"L":"info","T":"2025/11/26 17:33:36.554385+0800","C":"consul/provider.go:147","M":"consul provider: closed"}
{"L":"info","T":"2025/11/26 17:35:27.124915+0800","C":"consul/provider.go:34","M":"consul provider: created successfully","address":"127.0.0.1:8500"}
{"L":"info","T":"2025/11/26 17:35:27.133709+0800","C":"consul/provider.go:73","M":"consul provider: subscribed to service","service":"test-subscribe-service"}
{"L":"info","T":"2025/11/26 17:35:27.124915+0800","C":"consul/serviceWatcher.go:65","M":"consul serviceWatcher start"}
{"L":"info","T":"2025/11/26 17:35:27.138926+0800","C":"consul/registrar.go:63","M":"consul registrar: node registered successfully","nodeId":2001,"name":"test-subscribe-service"}
{"L":"info","T":"2025/11/26 17:35:27.141386+0800","C":"consul/watcher.go:94","M":"consul watcher: service topology changed","service":"test-subscribe-service","joined":1,"alive":0,"left":0,"total":1}
{"L":"info","T":"2025/11/26 17:35:28.147392+0800","C":"consul/registrar.go:63","M":"consul registrar: node registered successfully","nodeId":2002,"name":"test-subscribe-service"}
{"L":"info","T":"2025/11/26 17:35:28.148992+0800","C":"consul/watcher.go:94","M":"consul watcher: service topology changed","service":"test-subscribe-service","joined":1,"alive":1,"left":0,"total":2}
{"L":"info","T":"2025/11/26 17:35:30.207227+0800","C":"consul/provider.go:147","M":"consul provider: closed"}
{"L":"info","T":"2025/11/26 17:35:30.207227+0800","C":"consul/serviceWatcher.go:62","M":"consul serviceWatcher close"}
{"L":"info","T":"2025/11/26 17:37:06.165010+0800","C":"consul/provider.go:34","M":"consul provider: created successfully","address":"127.0.0.1:8500"}
{"L":"info","T":"2025/11/26 17:37:06.175380+0800","C":"consul/provider.go:73","M":"consul provider: subscribed to service","service":"test-subscribe-service"}
{"L":"info","T":"2025/11/26 17:37:06.165010+0800","C":"consul/serviceWatcher.go:65","M":"consul serviceWatcher start"}
{"L":"info","T":"2025/11/26 17:37:06.180579+0800","C":"consul/registrar.go:63","M":"consul registrar: node registered successfully","nodeId":2001,"name":"test-subscribe-service"}
{"L":"info","T":"2025/11/26 17:37:06.182121+0800","C":"consul/watcher.go:94","M":"consul watcher: service topology changed","service":"test-subscribe-service","joined":1,"alive":0,"left":0,"total":1}
{"L":"info","T":"2025/11/26 17:37:07.186113+0800","C":"consul/registrar.go:63","M":"consul registrar: node registered successfully","nodeId":2002,"name":"test-subscribe-service"}
{"L":"info","T":"2025/11/26 17:37:07.188698+0800","C":"consul/watcher.go:94","M":"consul watcher: service topology changed","service":"test-subscribe-service","joined":1,"alive":1,"left":0,"total":2}
{"L":"info","T":"2025/11/26 17:37:09.256434+0800","C":"consul/serviceWatcher.go:62","M":"consul serviceWatcher close"}
{"L":"info","T":"2025/11/26 17:37:09.256434+0800","C":"consul/provider.go:147","M":"consul provider: closed"}
{"L":"info","T":"2025/11/26 17:37:51.855722+0800","C":"consul/provider.go:34","M":"consul provider: created successfully","address":"127.0.0.1:8500"}
{"L":"info","T":"2025/11/26 17:37:51.865354+0800","C":"consul/provider.go:73","M":"consul provider: subscribed to service","service":"test-subscribe-service"}
{"L":"info","T":"2025/11/26 17:37:51.855722+0800","C":"consul/serviceWatcher.go:65","M":"consul serviceWatcher start"}
{"L":"info","T":"2025/11/26 17:38:16.990683+0800","C":"consul/registrar.go:63","M":"consul registrar: node registered successfully","nodeId":2001,"name":"test-subscribe-service"}
{"L":"info","T":"2025/11/26 17:38:16.992320+0800","C":"consul/watcher.go:94","M":"consul watcher: service topology changed","service":"test-subscribe-service","joined":1,"alive":0,"left":0,"total":1}
{"L":"info","T":"2025/11/26 17:38:17.997576+0800","C":"consul/registrar.go:63","M":"consul registrar: node registered successfully","nodeId":2002,"name":"test-subscribe-service"}
{"L":"info","T":"2025/11/26 17:38:17.999894+0800","C":"consul/watcher.go:94","M":"consul watcher: service topology changed","service":"test-subscribe-service","joined":1,"alive":1,"left":0,"total":2}
{"L":"info","T":"2025/11/26 17:38:19.999607+0800","C":"consul/watcher.go:94","M":"consul watcher: service topology changed","service":"test-subscribe-service","joined":0,"alive":1,"left":1,"total":1}
{"L":"info","T":"2025/11/26 17:38:20.061272+0800","C":"consul/serviceWatcher.go:62","M":"consul serviceWatcher close"}
{"L":"info","T":"2025/11/26 17:38:20.061272+0800","C":"consul/provider.go:147","M":"consul provider: closed"}
{"L":"info","T":"2025/11/26 17:40:22.743457+0800","C":"consul/provider.go:34","M":"consul provider: created successfully","address":"127.0.0.1:8500"}
{"L":"info","T":"2025/11/26 17:40:22.743457+0800","C":"consul/serviceWatcher.go:65","M":"consul serviceWatcher start"}
{"L":"info","T":"2025/11/26 17:40:22.753400+0800","C":"consul/provider.go:73","M":"consul provider: subscribed to service","service":"test-subscribe-service"}
{"L":"info","T":"2025/11/26 17:40:22.758708+0800","C":"consul/registrar.go:63","M":"consul registrar: node registered successfully","nodeId":2001,"name":"test-subscribe-service"}
{"L":"info","T":"2025/11/26 17:40:22.760278+0800","C":"consul/watcher.go:94","M":"consul watcher: service topology changed","service":"test-subscribe-service","joined":1,"alive":0,"left":0,"total":1}
{"L":"info","T":"2025/11/26 17:40:23.778244+0800","C":"consul/registrar.go:63","M":"consul registrar: node registered successfully","nodeId":2002,"name":"test-subscribe-service"}
{"L":"info","T":"2025/11/26 17:40:23.782404+0800","C":"consul/watcher.go:94","M":"consul watcher: service topology changed","service":"test-subscribe-service","joined":1,"alive":1,"left":0,"total":2}
{"L":"info","T":"2025/11/26 17:41:31.838886+0800","C":"consul/serviceWatcher.go:62","M":"consul serviceWatcher close"}
{"L":"info","T":"2025/11/26 17:32:54.264144+0800","C":"consul/serviceWatcher.go:65","M":"consul serviceWatcher start"}
{"L":"info","T":"2025/11/26 17:41:31.838886+0800","C":"consul/provider.go:147","M":"consul provider: closed"}
{"L":"info","T":"2025/11/26 17:41:31.838886+0800","C":"consul/serviceWatcher.go:62","M":"consul serviceWatcher close"}
{"L":"info","T":"2025/11/26 17:41:31.839631+0800","C":"consul/provider.go:147","M":"consul provider: closed"}
{"L":"error","T":"2025/11/26 18:13:46.710315+0800","C":"consul/provider.go:63","M":"consul provider: failed to connect to consul leader","address":"127.0.0.1:8500","error":"Get \"http://127.0.0.1:8500/v1/status/leader\": dial tcp 127.0.0.1:8500: connectex: No connection could be made because the target machine actively refused it."}
{"L":"error","T":"2025/11/26 18:13:46.719533+0800","C":"consul/provider.go:20","M":"consul provider: failed to create consul client","address":"127.0.0.1:8500","error":"Get \"http://127.0.0.1:8500/v1/status/leader\": dial tcp 127.0.0.1:8500: connectex: No connection could be made because the target machine actively refused it."}
{"L":"info","T":"2025/11/26 18:14:09.273278+0800","C":"consul/provider.go:34","M":"consul provider: created successfully","address":"127.0.0.1:8500"}
{"L":"info","T":"2025/11/26 18:14:09.273278+0800","C":"consul/serviceWatcher.go:65","M":"consul serviceWatcher start"}
{"L":"info","T":"2025/11/26 18:14:09.282049+0800","C":"consul/provider.go:73","M":"consul provider: subscribed to service","service":"test-subscribe-service"}
{"L":"info","T":"2025/11/26 18:14:09.289000+0800","C":"consul/registrar.go:63","M":"consul registrar: node registered successfully","nodeId":2001,"name":"test-subscribe-service"}
{"L":"info","T":"2025/11/26 18:14:09.290573+0800","C":"consul/watcher.go:94","M":"consul watcher: service topology changed","service":"test-subscribe-service","joined":1,"alive":0,"left":0,"total":1}
{"L":"info","T":"2025/11/26 18:14:10.298895+0800","C":"consul/registrar.go:63","M":"consul registrar: node registered successfully","nodeId":2002,"name":"test-subscribe-service"}
{"L":"info","T":"2025/11/26 18:14:10.303565+0800","C":"consul/watcher.go:94","M":"consul watcher: service topology changed","service":"test-subscribe-service","joined":1,"alive":1,"left":0,"total":2}
{"L":"error","T":"2025/11/26 18:14:11.799489+0800","C":"consul/registrar.go:97","M":"consul registrar healthCheck panic","nodeID":2002,"error":"close of closed channel"}
{"L":"error","T":"2025/11/26 18:14:11.799489+0800","C":"consul/registrar.go:97","M":"consul registrar healthCheck panic","nodeID":2001,"error":"close of closed channel"}
{"L":"info","T":"2025/11/26 18:14:12.403218+0800","C":"consul/serviceWatcher.go:62","M":"consul serviceWatcher close"}
{"L":"info","T":"2025/11/26 18:14:12.403723+0800","C":"consul/provider.go:147","M":"consul provider: closed"}
{"L":"info","T":"2025/11/26 18:15:11.804718+0800","C":"consul/serviceWatcher.go:65","M":"consul serviceWatcher start"}
{"L":"info","T":"2025/11/26 18:15:11.804718+0800","C":"consul/provider.go:34","M":"consul provider: created successfully","address":"127.0.0.1:8500"}
{"L":"info","T":"2025/11/26 18:15:11.814945+0800","C":"consul/provider.go:73","M":"consul provider: subscribed to service","service":"test-subscribe-service"}
{"L":"info","T":"2025/11/26 18:15:11.820708+0800","C":"consul/registrar.go:63","M":"consul registrar: node registered successfully","nodeId":2001,"name":"test-subscribe-service"}
{"L":"info","T":"2025/11/26 18:15:11.822351+0800","C":"consul/watcher.go:94","M":"consul watcher: service topology changed","service":"test-subscribe-service","joined":1,"alive":0,"left":0,"total":1}
{"L":"info","T":"2025/11/26 18:15:12.827676+0800","C":"consul/registrar.go:63","M":"consul registrar: node registered successfully","nodeId":2002,"name":"test-subscribe-service"}
{"L":"info","T":"2025/11/26 18:15:12.829511+0800","C":"consul/watcher.go:94","M":"consul watcher: service topology changed","service":"test-subscribe-service","joined":1,"alive":1,"left":0,"total":2}
{"L":"info","T":"2025/11/26 18:15:14.934289+0800","C":"consul/serviceWatcher.go:62","M":"consul serviceWatcher close"}
{"L":"info","T":"2025/11/26 18:15:14.934289+0800","C":"consul/provider.go:147","M":"consul provider: closed"}
{"L":"info","T":"2025/11/26 18:18:28.463909+0800","C":"consul/provider.go:34","M":"consul provider: created successfully","address":"127.0.0.1:8500"}
{"L":"info","T":"2025/11/26 18:18:28.463909+0800","C":"consul/serviceWatcher.go:65","M":"consul serviceWatcher start"}
{"L":"info","T":"2025/11/26 18:18:28.472979+0800","C":"consul/provider.go:73","M":"consul provider: subscribed to service","service":"test-subscribe-service"}
{"L":"info","T":"2025/11/26 18:18:28.477451+0800","C":"consul/registrar.go:63","M":"consul registrar: node registered successfully","nodeId":2001,"name":"test-subscribe-service"}
{"L":"info","T":"2025/11/26 18:18:28.479035+0800","C":"consul/watcher.go:94","M":"consul watcher: service topology changed","service":"test-subscribe-service","joined":1,"alive":0,"left":0,"total":1}
{"L":"info","T":"2025/11/26 18:18:29.487656+0800","C":"consul/registrar.go:63","M":"consul registrar: node registered successfully","nodeId":2002,"name":"test-subscribe-service"}
{"L":"info","T":"2025/11/26 18:18:29.489413+0800","C":"consul/watcher.go:94","M":"consul watcher: service topology changed","service":"test-subscribe-service","joined":1,"alive":1,"left":0,"total":2}
{"L":"info","T":"2025/11/26 18:18:30.992044+0800","C":"consul/serviceWatcher.go:62","M":"consul serviceWatcher close"}
{"L":"info","T":"2025/11/26 18:18:30.993048+0800","C":"consul/registrar.go:90","M":"consul registrar: node removed successfully","nodeId":2001}
{"L":"info","T":"2025/11/26 18:18:30.993731+0800","C":"consul/watcher.go:94","M":"consul watcher: service topology changed","service":"test-subscribe-service","joined":0,"alive":1,"left":1,"total":1}
{"L":"info","T":"2025/11/26 18:18:30.995489+0800","C":"consul/registrar.go:90","M":"consul registrar: node removed successfully","nodeId":2002}
{"L":"info","T":"2025/11/26 18:18:30.995489+0800","C":"consul/provider.go:147","M":"consul provider: closed"}
{"L":"info","T":"2025/11/26 18:21:01.674028+0800","C":"consul/provider.go:34","M":"consul provider: created successfully","address":"127.0.0.1:8500"}
{"L":"info","T":"2025/11/26 18:21:01.682119+0800","C":"consul/provider.go:73","M":"consul provider: subscribed to service","service":"test-subscribe-service"}
{"L":"info","T":"2025/11/26 18:21:01.674028+0800","C":"consul/serviceWatcher.go:65","M":"consul serviceWatcher start"}
{"L":"info","T":"2025/11/26 18:21:01.686687+0800","C":"consul/registrar.go:63","M":"consul registrar: node registered successfully","nodeId":2001,"name":"test-subscribe-service"}
{"L":"info","T":"2025/11/26 18:21:01.688233+0800","C":"consul/watcher.go:94","M":"consul watcher: service topology changed","service":"test-subscribe-service","joined":1,"alive":0,"left":0,"total":1}
{"L":"info","T":"2025/11/26 18:21:02.697247+0800","C":"consul/registrar.go:63","M":"consul registrar: node registered successfully","nodeId":2002,"name":"test-subscribe-service"}
{"L":"info","T":"2025/11/26 18:21:02.699772+0800","C":"consul/watcher.go:94","M":"consul watcher: service topology changed","service":"test-subscribe-service","joined":1,"alive":1,"left":0,"total":2}
{"L":"info","T":"2025/11/26 18:21:04.199255+0800","C":"consul/watcher.go:94","M":"consul watcher: service topology changed","service":"test-subscribe-service","joined":0,"alive":1,"left":1,"total":1}
{"L":"info","T":"2025/11/26 18:21:04.199255+0800","C":"consul/registrar.go:90","M":"consul registrar: node removed successfully","nodeId":2002}
{"L":"info","T":"2025/11/26 18:21:04.199916+0800","C":"consul/serviceWatcher.go:62","M":"consul serviceWatcher close"}
{"L":"info","T":"2025/11/26 18:21:04.201425+0800","C":"consul/registrar.go:90","M":"consul registrar: node removed successfully","nodeId":2001}
{"L":"info","T":"2025/11/26 18:21:04.201425+0800","C":"consul/provider.go:147","M":"consul provider: closed"}
{"L":"info","T":"2025/11/26 18:26:43.407663+0800","C":"consul/provider.go:34","M":"consul provider: created successfully","address":"127.0.0.1:8500"}
{"L":"info","T":"2025/11/26 18:26:43.416790+0800","C":"consul/provider.go:73","M":"consul provider: subscribed to service","service":"test-subscribe-service"}
{"L":"info","T":"2025/11/26 18:26:43.407663+0800","C":"consul/serviceWatcher.go:65","M":"consul serviceWatcher start"}
{"L":"info","T":"2025/11/26 18:26:43.422407+0800","C":"consul/registrar.go:63","M":"consul registrar: node registered successfully","nodeId":2001,"name":"test-subscribe-service"}
{"L":"info","T":"2025/11/26 18:26:43.423964+0800","C":"consul/watcher.go:94","M":"consul watcher: service topology changed","service":"test-subscribe-service","joined":1,"alive":0,"left":0,"total":1}
{"L":"info","T":"2025/11/26 18:26:44.437201+0800","C":"consul/registrar.go:63","M":"consul registrar: node registered successfully","nodeId":2002,"name":"test-subscribe-service"}
{"L":"info","T":"2025/11/26 18:26:44.440232+0800","C":"consul/watcher.go:94","M":"consul watcher: service topology changed","service":"test-subscribe-service","joined":1,"alive":1,"left":0,"total":2}
{"L":"info","T":"2025/11/26 18:26:45.440348+0800","C":"consul/serviceWatcher.go:62","M":"consul serviceWatcher close"}
{"L":"info","T":"2025/11/26 18:26:45.440854+0800","C":"consul/watcher.go:94","M":"consul watcher: service topology changed","service":"test-subscribe-service","joined":0,"alive":1,"left":1,"total":1}
{"L":"info","T":"2025/11/26 18:26:45.441930+0800","C":"consul/registrar.go:90","M":"consul registrar: node removed successfully","nodeId":2002}
{"L":"info","T":"2025/11/26 18:26:45.443718+0800","C":"consul/registrar.go:90","M":"consul registrar: node removed successfully","nodeId":2001}
{"L":"info","T":"2025/11/26 18:26:45.443718+0800","C":"consul/provider.go:147","M":"consul provider: closed"}
